<?xml version="1.0" encoding="UTF-8"?>
<!-- Generated by org.testng.reporters.JUnitReportReporter -->
<testsuite hostname="OLEG-PC" name="com.epam.gmailtest.LoginTest" tests="1" failures="0" timestamp="31 Oct 2015 14:26:13 GMT" time="36.495" errors="0">
  <testcase name="testScenario" time="36.495" classname="com.epam.gmailtest.LoginTest"/>
</testsuite> <!-- com.epam.test.LoginTest -->
