<?xml version="1.0" encoding="UTF-8"?>
<!-- Generated by org.testng.reporters.JUnitReportReporter -->
<testsuite hostname="OLEG-PC" name="com.epam.test.LoginTest" tests="1" failures="0" timestamp="31 Oct 2015 12:45:03 GMT" time="35.357" errors="0">
  <testcase name="testLogin" time="35.357" classname="com.epam.test.LoginTest"/>
</testsuite> <!-- com.epam.test.LoginTest -->
