<?xml version="1.0" encoding="UTF-8"?>
<!-- Generated by org.testng.reporters.JUnitReportReporter -->
<testsuite hostname="EPUALVIW1172" name="com.epam.businesslogic.TrashMessagesServiceTest" tests="1" failures="0" timestamp="4 Nov 2015 13:15:20 GMT" time="8.098" errors="0">
  <testcase name="test" time="8.098" classname="com.epam.businesslogic.TrashMessagesServiceTest"/>
</testsuite> <!-- com.epam.businesslogicslogic.TrashMessagesServiceTest -->
