<?xml version="1.0" encoding="UTF-8"?>
<!-- Generated by org.testng.reporters.JUnitReportReporter -->
<testsuite hostname="EPUALVIW1172" name="com.epam.test.LoginTest" tests="1" failures="0" timestamp="30 Oct 2015 17:40:49 GMT" time="6.650" errors="0">
  <testcase name="testLogin" time="6.650" classname="com.epam.test.LoginTest"/>
</testsuite> <!-- com.epam.test.LoginTest -->
