<?xml version="1.0" encoding="UTF-8"?>
<!-- Generated by org.testng.reporters.JUnitReportReporter -->
<testsuite hostname="EPUALVIW1172" name="com.epam.businesslogic.InboxMessagesServiceTest" tests="1" failures="0" timestamp="4 Nov 2015 13:00:13 GMT" time="0.847" errors="0">
  <testcase name="test" time="0.847" classname="com.epam.businesslogic.InboxMessagesServiceTest"/>
</testsuite> <!-- com.epam.businesslogicslogic.InboxMessagesServiceTest -->
