<?xml version="1.0" encoding="UTF-8"?>
<!-- Generated by org.testng.reporters.JUnitReportReporter -->
<testsuite hostname="OLEG-PC" name="com.epam.test.GmailTest" tests="1" failures="0" timestamp="4 Nov 2015 04:57:51 GMT" time="28.629" errors="0">
  <testcase name="gmailTest" time="28.629" classname="com.epam.test.GmailTest"/>
</testsuite> <!-- com.epam.test.GmailTest -->
