<?xml version="1.0" encoding="UTF-8"?>
<!-- Generated by org.testng.reporters.JUnitReportReporter -->
<testsuite hostname="OLEG-PC" name="com.epam.test.LoginTest" tests="1" failures="0" timestamp="29 Oct 2015 21:15:06 GMT" time="5.492" errors="0">
  <testcase name="testLogin" time="5.492" classname="com.epam.test.LoginTest"/>
</testsuite> <!-- com.epam.test.LoginTest -->
