<?xml version="1.0" encoding="UTF-8"?>
<!-- Generated by org.testng.reporters.JUnitReportReporter -->
<testsuite hostname="OLEG-PC" name="com.epam.gmailtest.SeleniumScenarioTest" tests="1" failures="0" timestamp="31 Oct 2015 14:34:54 GMT" time="32.011" errors="0">
  <testcase name="testScenario" time="32.011" classname="com.epam.gmailtest.SeleniumScenarioTest"/>
</testsuite> <!-- com.epam.test.SeleniumScenarioTest -->
