<?xml version="1.0" encoding="UTF-8"?>
<!-- Generated by org.testng.reporters.JUnitReportReporter -->
<testsuite hostname="EPUALVIW1172" name="com.epam.test.GmailTest" tests="1" failures="0" timestamp="3 Nov 2015 12:04:48 GMT" time="21.166" errors="0">
  <testcase name="testScenario" time="21.166" classname="com.epam.test.GmailTest"/>
</testsuite> <!-- com.epam.test.GmailTest -->
