<?xml version="1.0" encoding="UTF-8"?>
<!-- Generated by org.testng.reporters.JUnitReportReporter -->
<testsuite hostname="EPUALVIW1172" name="com.epam.businesslogic.ImportantMessageServiceTest" tests="1" failures="0" timestamp="4 Nov 2015 12:47:07 GMT" time="0.003" errors="0">
  <testcase name="test" time="0.003" classname="com.epam.businesslogic.ImportantMessageServiceTest"/>
</testsuite> <!-- com.epam.businesslogicslogic.ImportantMessageServiceTest -->
