<?xml version="1.0" encoding="UTF-8"?>
<!-- Generated by org.testng.reporters.JUnitReportReporter -->
<testsuite hostname="EPUALVIW1172" name="com.epam.businesslogic.XLSTest" tests="1" failures="0" timestamp="4 Nov 2015 13:53:41 GMT" time="0.420" errors="0">
  <testcase name="test" time="0.420" classname="com.epam.businesslogic.XLSTest"/>
</testsuite> <!-- com.epam.businesslogicslogic.XLSTest -->
