<?xml version="1.0" encoding="UTF-8"?>
<!-- Generated by org.testng.reporters.JUnitReportReporter -->
<testsuite hostname="OLEG-PC" name="com.epam.test.GmailTest" tests="1" failures="0" timestamp="31 Oct 2015 15:11:43 GMT" time="36.439" errors="0">
  <testcase name="testScenario" time="36.439" classname="com.epam.test.GmailTest"/>
</testsuite> <!-- com.epam.test.GmailTest -->
