<?xml version="1.0" encoding="UTF-8"?>
<!-- Generated by org.testng.reporters.JUnitReportReporter -->
<testsuite hostname="OLEG-PC" name="com.epam.test.LoginTest" tests="1" failures="0" timestamp="29 Oct 2015 21:21:01 GMT" time="2.262" errors="0">
  <testcase name="testLogin" time="2.262" classname="com.epam.test.LoginTest"/>
</testsuite> <!-- com.epam.test.LoginTest -->
