<?xml version="1.0" encoding="UTF-8"?>
<!-- Generated by org.testng.reporters.JUnitReportReporter -->
<testsuite hostname="OLEG-PC" name="com.epam.test.LoginTest" tests="1" failures="0" timestamp="31 Oct 2015 08:59:53 GMT" time="17.673" errors="0">
  <testcase name="testLogin" time="17.673" classname="com.epam.test.LoginTest"/>
</testsuite> <!-- com.epam.test.LoginTest -->
